mode: set
expense-ledger/utils/response.go:14.66,16.51 2 1
expense-ledger/utils/response.go:16.51,17.54 1 1
expense-ledger/utils/response.go:17.54,19.4 1 1
expense-ledger/utils/response.go:21.2,21.57 1 1
expense-ledger/utils/response.go:21.57,22.55 1 1
expense-ledger/utils/response.go:22.55,24.4 1 1
expense-ledger/utils/response.go:26.2,26.28 1 1
expense-ledger/utils/response.go:26.28,28.3 1 1
expense-ledger/utils/response.go:29.2,29.23 1 1
expense-ledger/utils/response.go:32.68,36.2 3 1
expense-ledger/handlers/account_handler.go:35.72,37.2 1 1
expense-ledger/handlers/account_handler.go:39.98,40.38 1 1
expense-ledger/handlers/account_handler.go:40.38,43.3 2 1
expense-ledger/handlers/account_handler.go:44.2,46.16 3 1
expense-ledger/handlers/account_handler.go:46.16,49.3 2 1
expense-ledger/handlers/account_handler.go:50.2,50.21 1 1
expense-ledger/handlers/account_handler.go:50.21,52.3 1 1
expense-ledger/handlers/account_handler.go:53.2,58.4 1 1
expense-ledger/handlers/account_handler.go:61.99,62.39 1 1
expense-ledger/handlers/account_handler.go:62.39,65.3 2 1
expense-ledger/handlers/account_handler.go:66.2,68.59 3 1
expense-ledger/handlers/account_handler.go:68.59,71.3 2 1
expense-ledger/handlers/account_handler.go:72.2,72.20 1 1
expense-ledger/handlers/account_handler.go:72.20,75.3 2 1
expense-ledger/handlers/account_handler.go:76.2,76.20 1 1
expense-ledger/handlers/account_handler.go:76.20,79.3 2 1
expense-ledger/handlers/account_handler.go:80.2,80.36 1 1
expense-ledger/handlers/account_handler.go:80.36,83.3 2 1
expense-ledger/handlers/account_handler.go:84.2,85.68 2 1
expense-ledger/handlers/account_handler.go:85.68,88.3 2 1
expense-ledger/handlers/account_handler.go:89.2,89.52 1 1
expense-ledger/handlers/account_handler.go:93.44,94.50 1 1
expense-ledger/handlers/account_handler.go:94.50,96.3 1 1
expense-ledger/handlers/account_handler.go:97.2,98.43 2 1
expense-ledger/handlers/account_handler.go:98.43,100.3 1 1
expense-ledger/handlers/account_handler.go:101.2,101.11 1 1
expense-ledger/handlers/account_handler.go:104.99,105.38 1 1
expense-ledger/handlers/account_handler.go:105.38,108.3 2 1
expense-ledger/handlers/account_handler.go:109.2,110.14 2 1
expense-ledger/handlers/account_handler.go:110.14,113.3 2 1
expense-ledger/handlers/account_handler.go:114.2,119.59 3 1
expense-ledger/handlers/account_handler.go:119.59,122.3 2 1
expense-ledger/handlers/account_handler.go:123.2,123.20 1 1
expense-ledger/handlers/account_handler.go:123.20,126.3 2 1
expense-ledger/handlers/account_handler.go:127.2,127.20 1 1
expense-ledger/handlers/account_handler.go:127.20,130.3 2 1
expense-ledger/handlers/account_handler.go:131.2,131.36 1 1
expense-ledger/handlers/account_handler.go:131.36,134.3 2 0
expense-ledger/handlers/account_handler.go:135.2,136.68 2 1
expense-ledger/handlers/account_handler.go:136.68,139.3 2 1
expense-ledger/handlers/account_handler.go:140.2,140.47 1 1
expense-ledger/handlers/account_handler.go:143.99,144.41 1 1
expense-ledger/handlers/account_handler.go:144.41,147.3 2 1
expense-ledger/handlers/account_handler.go:148.2,149.17 2 1
expense-ledger/handlers/account_handler.go:149.17,151.3 1 1
expense-ledger/handlers/account_handler.go:152.2,152.17 1 1
expense-ledger/handlers/account_handler.go:152.17,155.3 2 1
expense-ledger/handlers/account_handler.go:156.2,156.70 1 1
expense-ledger/handlers/account_handler.go:156.70,159.3 2 1
expense-ledger/handlers/account_handler.go:160.2,160.91 1 1
expense-ledger/handlers/transaction_handler.go:37.84,39.2 1 1
expense-ledger/handlers/transaction_handler.go:43.87,44.54 1 1
expense-ledger/handlers/transaction_handler.go:44.54,46.3 1 1
expense-ledger/handlers/transaction_handler.go:47.2,49.68 3 1
expense-ledger/handlers/transaction_handler.go:49.68,51.3 1 1
expense-ledger/handlers/transaction_handler.go:52.2,53.75 2 1
expense-ledger/handlers/transaction_handler.go:53.75,55.3 1 1
expense-ledger/handlers/transaction_handler.go:56.2,56.33 1 1
expense-ledger/handlers/transaction_handler.go:59.87,60.32 1 1
expense-ledger/handlers/transaction_handler.go:60.32,63.3 2 1
expense-ledger/handlers/transaction_handler.go:64.2,65.21 2 1
expense-ledger/handlers/transaction_handler.go:65.21,68.3 2 1
expense-ledger/handlers/transaction_handler.go:69.2,69.16 1 1
expense-ledger/handlers/transaction_handler.go:69.16,72.17 2 1
expense-ledger/handlers/transaction_handler.go:72.17,75.4 2 0
expense-ledger/handlers/transaction_handler.go:76.3,76.16 1 1
expense-ledger/handlers/transaction_handler.go:76.16,79.4 2 1
expense-ledger/handlers/transaction_handler.go:80.3,81.9 2 1
expense-ledger/handlers/transaction_handler.go:83.2,85.16 3 1
expense-ledger/handlers/transaction_handler.go:85.16,88.3 2 0
expense-ledger/handlers/transaction_handler.go:89.2,89.17 1 1
expense-ledger/handlers/transaction_handler.go:89.17,91.3 1 0
expense-ledger/handlers/transaction_handler.go:92.2,97.4 1 1
expense-ledger/handlers/transaction_handler.go:100.88,101.33 1 1
expense-ledger/handlers/transaction_handler.go:101.33,104.3 2 1
expense-ledger/handlers/transaction_handler.go:105.2,106.35 2 1
expense-ledger/handlers/transaction_handler.go:106.35,109.3 2 1
expense-ledger/handlers/transaction_handler.go:110.2,112.59 3 1
expense-ledger/handlers/transaction_handler.go:112.59,115.3 2 0
expense-ledger/handlers/transaction_handler.go:116.2,116.20 1 1
expense-ledger/handlers/transaction_handler.go:116.20,119.3 2 1
expense-ledger/handlers/transaction_handler.go:120.2,120.40 1 1
expense-ledger/handlers/transaction_handler.go:120.40,123.3 2 1
expense-ledger/handlers/transaction_handler.go:124.2,124.20 1 1
expense-ledger/handlers/transaction_handler.go:124.20,127.3 2 1
expense-ledger/handlers/transaction_handler.go:128.2,129.16 2 1
expense-ledger/handlers/transaction_handler.go:129.16,132.3 2 0
expense-ledger/handlers/transaction_handler.go:133.2,140.55 2 1
expense-ledger/handlers/transaction_handler.go:140.55,143.3 2 0
expense-ledger/handlers/transaction_handler.go:144.2,144.44 1 1
expense-ledger/handlers/transaction_handler.go:147.88,148.32 1 1
expense-ledger/handlers/transaction_handler.go:148.32,151.3 2 1
expense-ledger/handlers/transaction_handler.go:152.2,153.35 2 1
expense-ledger/handlers/transaction_handler.go:153.35,156.3 2 1
expense-ledger/handlers/transaction_handler.go:157.2,164.59 3 1
expense-ledger/handlers/transaction_handler.go:164.59,167.3 2 0
expense-ledger/handlers/transaction_handler.go:168.2,169.16 2 1
expense-ledger/handlers/transaction_handler.go:169.16,172.3 2 0
expense-ledger/handlers/transaction_handler.go:173.2,173.21 1 1
expense-ledger/handlers/transaction_handler.go:173.21,176.3 2 1
expense-ledger/handlers/transaction_handler.go:177.2,177.23 1 1
expense-ledger/handlers/transaction_handler.go:177.23,179.3 1 1
expense-ledger/handlers/transaction_handler.go:180.2,180.21 1 1
expense-ledger/handlers/transaction_handler.go:180.21,182.17 2 0
expense-ledger/handlers/transaction_handler.go:182.17,185.4 2 0
expense-ledger/handlers/transaction_handler.go:186.3,186.23 1 0
expense-ledger/handlers/transaction_handler.go:188.2,188.28 1 1
expense-ledger/handlers/transaction_handler.go:188.28,190.3 1 0
expense-ledger/handlers/transaction_handler.go:191.2,191.21 1 1
expense-ledger/handlers/transaction_handler.go:191.21,192.61 1 0
expense-ledger/handlers/transaction_handler.go:192.61,195.4 2 0
expense-ledger/handlers/transaction_handler.go:196.3,196.28 1 0
expense-ledger/handlers/transaction_handler.go:198.2,198.61 1 1
expense-ledger/handlers/transaction_handler.go:198.61,201.3 2 0
expense-ledger/handlers/transaction_handler.go:202.2,202.45 1 1
expense-ledger/handlers/transaction_handler.go:205.88,206.35 1 1
expense-ledger/handlers/transaction_handler.go:206.35,209.3 2 1
expense-ledger/handlers/transaction_handler.go:210.2,211.35 2 1
expense-ledger/handlers/transaction_handler.go:211.35,214.3 2 1
expense-ledger/handlers/transaction_handler.go:215.2,215.68 1 1
expense-ledger/handlers/transaction_handler.go:215.68,216.49 1 1
expense-ledger/handlers/transaction_handler.go:216.49,219.4 2 1
expense-ledger/handlers/transaction_handler.go:220.3,221.9 2 0
expense-ledger/handlers/transaction_handler.go:223.2,223.88 1 1
expense-ledger/handlers/transaction_handler.go:226.56,228.2 1 1
expense-ledger/repositories/account_repository.go:30.66,32.2 1 1
expense-ledger/repositories/account_repository.go:35.61,37.18 2 0
expense-ledger/repositories/account_repository.go:37.18,39.60 2 0
expense-ledger/repositories/account_repository.go:39.60,41.4 1 0
expense-ledger/repositories/account_repository.go:42.3,42.34 1 0
expense-ledger/repositories/account_repository.go:44.2,44.35 1 0
expense-ledger/repositories/account_repository.go:44.35,46.3 1 0
expense-ledger/repositories/account_repository.go:47.2,47.22 1 0
expense-ledger/repositories/account_repository.go:50.109,53.16 3 0
expense-ledger/repositories/account_repository.go:53.16,55.3 1 0
expense-ledger/repositories/account_repository.go:56.2,56.14 1 0
expense-ledger/repositories/account_repository.go:56.14,58.3 1 0
expense-ledger/repositories/account_repository.go:59.2,59.18 1 0
expense-ledger/repositories/account_repository.go:59.18,61.3 1 0
expense-ledger/repositories/account_repository.go:62.2,62.28 1 0
expense-ledger/repositories/account_repository.go:62.28,64.3 1 0
expense-ledger/repositories/account_repository.go:65.2,70.16 3 0
expense-ledger/repositories/account_repository.go:70.16,72.3 1 0
expense-ledger/repositories/account_repository.go:73.2,75.16 3 0
expense-ledger/repositories/account_repository.go:75.16,77.3 1 0
expense-ledger/repositories/account_repository.go:78.2,78.21 1 0
expense-ledger/repositories/account_repository.go:78.21,80.3 1 0
expense-ledger/repositories/account_repository.go:81.2,81.29 1 0
expense-ledger/repositories/account_repository.go:84.82,90.16 3 0
expense-ledger/repositories/account_repository.go:90.16,92.3 1 0
expense-ledger/repositories/account_repository.go:93.2,93.12 1 0
expense-ledger/repositories/account_repository.go:96.82,97.16 1 1
expense-ledger/repositories/account_repository.go:97.16,99.3 1 1
expense-ledger/repositories/account_repository.go:100.2,100.18 1 1
expense-ledger/repositories/account_repository.go:100.18,102.3 1 1
expense-ledger/repositories/account_repository.go:103.2,103.18 1 1
expense-ledger/repositories/account_repository.go:103.18,105.3 1 1
expense-ledger/repositories/account_repository.go:106.2,110.16 2 0
expense-ledger/repositories/account_repository.go:110.16,112.3 1 0
expense-ledger/repositories/account_repository.go:113.2,113.12 1 0
expense-ledger/repositories/account_repository.go:116.74,117.14 1 1
expense-ledger/repositories/account_repository.go:117.14,119.3 1 1
expense-ledger/repositories/account_repository.go:120.2,124.16 2 0
expense-ledger/repositories/account_repository.go:124.16,126.3 1 0
expense-ledger/repositories/account_repository.go:127.2,127.12 1 0
expense-ledger/repositories/transaction_repository.go:26.74,28.2 1 1
expense-ledger/repositories/transaction_repository.go:30.69,32.18 2 0
expense-ledger/repositories/transaction_repository.go:32.18,34.101 2 0
expense-ledger/repositories/transaction_repository.go:34.101,36.4 1 0
expense-ledger/repositories/transaction_repository.go:37.3,37.26 1 0
expense-ledger/repositories/transaction_repository.go:39.2,39.35 1 0
expense-ledger/repositories/transaction_repository.go:39.35,41.3 1 0
expense-ledger/repositories/transaction_repository.go:42.2,42.18 1 0
expense-ledger/repositories/transaction_repository.go:45.143,46.21 1 1
expense-ledger/repositories/transaction_repository.go:46.21,48.3 1 1
expense-ledger/repositories/transaction_repository.go:49.2,54.16 3 0
expense-ledger/repositories/transaction_repository.go:54.16,56.3 1 0
expense-ledger/repositories/transaction_repository.go:57.2,57.14 1 0
expense-ledger/repositories/transaction_repository.go:57.14,59.3 1 0
expense-ledger/repositories/transaction_repository.go:60.2,60.18 1 0
expense-ledger/repositories/transaction_repository.go:60.18,62.3 1 0
expense-ledger/repositories/transaction_repository.go:63.2,63.28 1 0
expense-ledger/repositories/transaction_repository.go:63.28,65.3 1 0
expense-ledger/repositories/transaction_repository.go:66.2,75.16 3 0
expense-ledger/repositories/transaction_repository.go:75.16,77.3 1 0
expense-ledger/repositories/transaction_repository.go:78.2,80.16 3 0
expense-ledger/repositories/transaction_repository.go:80.16,82.3 1 0
expense-ledger/repositories/transaction_repository.go:83.2,83.17 1 0
expense-ledger/repositories/transaction_repository.go:83.17,85.3 1 0
expense-ledger/repositories/transaction_repository.go:86.2,86.25 1 0
expense-ledger/repositories/transaction_repository.go:89.124,90.21 1 1
expense-ledger/repositories/transaction_repository.go:90.21,92.3 1 1
expense-ledger/repositories/transaction_repository.go:93.2,93.25 1 1
expense-ledger/repositories/transaction_repository.go:93.25,95.3 1 1
expense-ledger/repositories/transaction_repository.go:96.2,103.16 3 0
expense-ledger/repositories/transaction_repository.go:103.16,104.27 1 0
expense-ledger/repositories/transaction_repository.go:104.27,106.4 1 0
expense-ledger/repositories/transaction_repository.go:107.3,107.53 1 0
expense-ledger/repositories/transaction_repository.go:109.2,109.16 1 0
expense-ledger/repositories/transaction_repository.go:112.91,113.24 1 1
expense-ledger/repositories/transaction_repository.go:113.24,115.3 1 1
expense-ledger/repositories/transaction_repository.go:116.2,116.19 1 1
expense-ledger/repositories/transaction_repository.go:116.19,118.3 1 1
expense-ledger/repositories/transaction_repository.go:119.2,119.49 1 1
expense-ledger/repositories/transaction_repository.go:119.49,121.3 1 1
expense-ledger/repositories/transaction_repository.go:122.2,128.16 3 0
expense-ledger/repositories/transaction_repository.go:128.16,130.3 1 0
expense-ledger/repositories/transaction_repository.go:131.2,131.12 1 0
expense-ledger/repositories/transaction_repository.go:134.91,135.17 1 1
expense-ledger/repositories/transaction_repository.go:135.17,137.3 1 1
expense-ledger/repositories/transaction_repository.go:138.2,138.24 1 1
expense-ledger/repositories/transaction_repository.go:138.24,140.3 1 1
expense-ledger/repositories/transaction_repository.go:141.2,141.19 1 1
expense-ledger/repositories/transaction_repository.go:141.19,143.3 1 0
expense-ledger/repositories/transaction_repository.go:144.2,144.49 1 1
expense-ledger/repositories/transaction_repository.go:144.49,146.3 1 1
expense-ledger/repositories/transaction_repository.go:147.2,152.16 2 0
expense-ledger/repositories/transaction_repository.go:152.16,154.3 1 0
expense-ledger/repositories/transaction_repository.go:155.2,155.32 1 0
expense-ledger/repositories/transaction_repository.go:155.32,157.3 1 0
expense-ledger/repositories/transaction_repository.go:158.2,158.12 1 0
expense-ledger/repositories/transaction_repository.go:161.100,162.21 1 1
expense-ledger/repositories/transaction_repository.go:162.21,164.3 1 1
expense-ledger/repositories/transaction_repository.go:165.2,165.25 1 1
expense-ledger/repositories/transaction_repository.go:165.25,167.3 1 1
expense-ledger/repositories/transaction_repository.go:168.2,172.16 2 0
expense-ledger/repositories/transaction_repository.go:172.16,174.3 1 0
expense-ledger/repositories/transaction_repository.go:175.2,175.32 1 0
expense-ledger/repositories/transaction_repository.go:175.32,177.3 1 0
expense-ledger/repositories/transaction_repository.go:178.2,178.12 1 0
expense-ledger/internal/db.go:10.58,12.19 2 1
expense-ledger/internal/db.go:12.19,14.3 1 1
expense-ledger/internal/db.go:15.2,16.16 2 1
expense-ledger/internal/db.go:16.16,18.3 1 1
expense-ledger/internal/db.go:19.2,19.39 1 0
expense-ledger/internal/db.go:19.39,22.3 2 0
expense-ledger/internal/db.go:23.2,23.18 1 0
expense-ledger/internal/schema.go:30.61,31.57 1 0
expense-ledger/internal/schema.go:31.57,33.3 1 0
expense-ledger/internal/schema.go:34.2,35.12 2 0
expense-ledger/netlify/functions/api/main.go:27.54,28.30 1 0
expense-ledger/netlify/functions/api/main.go:28.30,30.3 1 0
expense-ledger/netlify/functions/api/main.go:31.2,32.55 2 0
expense-ledger/netlify/functions/api/main.go:32.55,34.3 1 0
expense-ledger/netlify/functions/api/main.go:35.2,37.19 3 0
expense-ledger/netlify/functions/api/main.go:38.23,39.43 1 0
expense-ledger/netlify/functions/api/main.go:40.36,41.73 1 0
expense-ledger/netlify/functions/api/main.go:42.42,43.91 1 0
expense-ledger/netlify/functions/api/main.go:44.10,45.15 1 0
expense-ledger/netlify/functions/api/main.go:51.46,52.71 1 0
expense-ledger/netlify/functions/api/main.go:52.71,56.29 4 0
expense-ledger/netlify/functions/api/main.go:56.29,57.35 1 0
expense-ledger/netlify/functions/api/main.go:57.35,58.13 1 0
expense-ledger/netlify/functions/api/main.go:60.4,61.27 2 0
expense-ledger/netlify/functions/api/main.go:61.27,64.5 2 0
expense-ledger/netlify/functions/api/main.go:66.3,66.18 1 0
expense-ledger/netlify/functions/api/main.go:66.18,69.4 2 0
expense-ledger/netlify/functions/api/main.go:70.3,70.22 1 0
expense-ledger/netlify/functions/api/main.go:74.13,77.16 3 0
expense-ledger/netlify/functions/api/main.go:77.16,79.3 1 0
expense-ledger/netlify/functions/api/main.go:81.2,81.17 1 0
expense-ledger/netlify/functions/api/main.go:81.17,83.3 1 0
expense-ledger/netlify/functions/api/main.go:84.2,85.52 2 0
expense-ledger/netlify/functions/api/main.go:85.52,87.3 1 0
expense-ledger/netlify/functions/api/main.go:88.2,94.92 5 0
expense-ledger/netlify/functions/api/main.go:94.92,94.147 2 0
expense-ledger/netlify/functions/api/main.go:107.2,108.37 2 0
expense-ledger/netlify/functions/api/main.go:108.37,110.3 1 0
expense-ledger/netlify/functions/api/main.go:111.2,112.12 2 0
expense-ledger/netlify/functions/api/main.go:112.12,113.80 1 0
expense-ledger/netlify/functions/api/main.go:113.80,115.4 1 0
expense-ledger/netlify/functions/api/main.go:118.2,123.53 6 0
expense-ledger/netlify/functions/api/main.go:123.53,125.3 1 0
